\BOOKMARK [1][-]{section.1}{Explaining Concepts}{}% 1
\BOOKMARK [1][-]{section.2}{Notes from the course Descriptive Statistics in Udacity}{}% 2
\BOOKMARK [2][-]{subsection.2.1}{Lesson 1: Intro to Research Methods}{section.2}% 3
\BOOKMARK [2][-]{subsection.2.2}{Lesson 4: Visualizing Data}{section.2}% 4
\BOOKMARK [2][-]{subsection.2.3}{Lesson 8: Central Tendency}{section.2}% 5
\BOOKMARK [2][-]{subsection.2.4}{Lesson 11: Variability}{section.2}% 6
\BOOKMARK [2][-]{subsection.2.5}{Lesson 13: Standardizing}{section.2}% 7
\BOOKMARK [2][-]{subsection.2.6}{Lesson 16: Normal Distribution}{section.2}% 8
\BOOKMARK [2][-]{subsection.2.7}{Lesson 18: Sampling Distributions}{section.2}% 9
\BOOKMARK [2][-]{subsection.2.8}{Conclusion}{section.2}% 10
\BOOKMARK [1][-]{section.3}{Notes from the course Intro to Inferential Statistics in Udacity}{}% 11
\BOOKMARK [2][-]{subsection.3.1}{Lesson 1: Introduction and review}{section.3}% 12
\BOOKMARK [2][-]{subsection.3.2}{Lesson 2: Estimation}{section.3}% 13
\BOOKMARK [2][-]{subsection.3.3}{Lesson 4: Hypothesis Testing}{section.3}% 14
\BOOKMARK [2][-]{subsection.3.4}{Lesson 6: t-Test}{section.3}% 15
\BOOKMARK [2][-]{subsection.3.5}{Lesson 12: One-Way ANOVA}{section.3}% 16
\BOOKMARK [2][-]{subsection.3.6}{Lesson 14: ANOVA}{section.3}% 17
\BOOKMARK [2][-]{subsection.3.7}{Lesson 16: Correlation}{section.3}% 18
\BOOKMARK [2][-]{subsection.3.8}{Lesson 18: Regression}{section.3}% 19
\BOOKMARK [2][-]{subsection.3.9}{Lesson 20: X2 Tests}{section.3}% 20
\BOOKMARK [2][-]{subsection.3.10}{Lesson 22: Final Project}{section.3}% 21
